<?xml version="1.0" encoding="UTF-8"?>
<testsuite xmlns:xsi="http://www.w3.org/2001/XMLSchema-instance" xsi:noNamespaceSchemaLocation="https://maven.apache.org/surefire/maven-surefire-plugin/xsd/surefire-test-report.xsd" version="3.0.2" name="com.tobbathon.mythbusters.MythbustersApplicationTests" time="9.04" tests="1" errors="0" skipped="0" failures="0">
  <properties>
[...]
</properties>
  <testcase name="contextLoads" classname="com.tobbathon.mythbusters.MythbustersApplicationTests" time="0.698">
    <system-out><![CDATA[17:48:12.826 [main] INFO org.springframework.test.context.support.AnnotationConfigContextLoaderUtils -- Could not detect default configuration classes for test class [com.tobbathon.mythbusters.MythbustersApplicationTests]: MythbustersApplicationTests does not declare any static, non-private, non-final, nested classes annotated with @Configuration.
17:48:13.003 [main] INFO org.springframework.boot.test.context.SpringBootTestContextBootstrapper -- Found @SpringBootConfiguration com.tobbathon.mythbusters.MythbustersApplication for test class com.tobbathon.mythbusters.MythbustersApplicationTests

  .   ____          _            __ _ _
 /\\ / ___'_ __ _ _(_)_ __  __ _ \ \ \ \
( ( )\___ | '_ | '_| | '_ \/ _` | \ \ \ \
 \\/  ___)| |_)| | | | | || (_| |  ) ) ) )
  '  |____| .__|_| |_|_| |_\__, | / / / /
 =========|_|==============|___/=/_/_/_/

 :: Spring Boot ::                (v3.4.4)

2025-05-31T17:48:13.679+03:00  INFO 49302 --- [mythbusters] [           main] c.t.m.MythbustersApplicationTests        : Starting MythbustersApplicationTests using Java 21.0.7 with PID 49302 (started by gokcen in /home/gokcen/MythBustersBackend)
2025-05-31T17:48:13.681+03:00  INFO 49302 --- [mythbusters] [           main] c.t.m.MythbustersApplicationTests        : No active profile set, falling back to 1 default profile: "default"
2025-05-31T17:48:14.600+03:00  INFO 49302 --- [mythbusters] [           main] .s.d.r.c.RepositoryConfigurationDelegate : Bootstrapping Spring Data JPA repositories in DEFAULT mode.
2025-05-31T17:48:14.691+03:00  INFO 49302 --- [mythbusters] [           main] .s.d.r.c.RepositoryConfigurationDelegate : Finished Spring Data repository scanning in 77 ms. Found 3 JPA repository interfaces.
2025-05-31T17:48:15.554+03:00  INFO 49302 --- [mythbusters] [           main] com.zaxxer.hikari.HikariDataSource       : HikariPool-1 - Starting...
2025-05-31T17:48:16.148+03:00  INFO 49302 --- [mythbusters] [           main] com.zaxxer.hikari.pool.HikariPool        : HikariPool-1 - Added connection org.postgresql.jdbc.PgConnection@2407a36c
2025-05-31T17:48:16.150+03:00  INFO 49302 --- [mythbusters] [           main] com.zaxxer.hikari.HikariDataSource       : HikariPool-1 - Start completed.
2025-05-31T17:48:16.323+03:00  INFO 49302 --- [mythbusters] [           main] o.f.c.i.s.JdbcTableSchemaHistory         : Schema history table "public"."flyway_schema_history" does not exist yet
2025-05-31T17:48:16.329+03:00  INFO 49302 --- [mythbusters] [           main] o.f.core.internal.command.DbValidate     : Successfully validated 2 migrations (execution time 00:00.030s)
2025-05-31T17:48:16.366+03:00  INFO 49302 --- [mythbusters] [           main] o.f.c.i.s.JdbcTableSchemaHistory         : Creating Schema History table "public"."flyway_schema_history" ...
2025-05-31T17:48:16.486+03:00  INFO 49302 --- [mythbusters] [           main] o.f.core.internal.command.DbMigrate      : Current version of schema "public": << Empty Schema >>
2025-05-31T17:48:16.509+03:00  INFO 49302 --- [mythbusters] [           main] o.f.core.internal.command.DbMigrate      : Migrating schema "public" to version "1 - CREATE TABEL"
2025-05-31T17:48:16.637+03:00  INFO 49302 --- [mythbusters] [           main] o.f.core.internal.command.DbMigrate      : Migrating schema "public" to version "2 - INSERT DATA"
2025-05-31T17:48:16.702+03:00  INFO 49302 --- [mythbusters] [           main] o.f.core.internal.command.DbMigrate      : Successfully applied 2 migrations to schema "public", now at version v2 (execution time 00:00.104s)
2025-05-31T17:48:16.964+03:00  INFO 49302 --- [mythbusters] [           main] o.hibernate.jpa.internal.util.LogHelper  : HHH000204: Processing PersistenceUnitInfo [name: default]
2025-05-31T17:48:17.071+03:00  INFO 49302 --- [mythbusters] [           main] org.hibernate.Version                    : HHH000412: Hibernate ORM core version 6.6.11.Final
2025-05-31T17:48:17.143+03:00  INFO 49302 --- [mythbusters] [           main] o.h.c.internal.RegionFactoryInitiator    : HHH000026: Second-level cache disabled
2025-05-31T17:48:17.656+03:00  INFO 49302 --- [mythbusters] [           main] o.s.o.j.p.SpringPersistenceUnitInfo      : No LoadTimeWeaver setup: ignoring JPA class transformer
2025-05-31T17:48:17.756+03:00  WARN 49302 --- [mythbusters] [           main] org.hibernate.orm.deprecation            : HHH90000025: PostgreSQLDialect does not need to be specified explicitly using 'hibernate.dialect' (remove the property setting and it will be selected by default)
2025-05-31T17:48:17.788+03:00  INFO 49302 --- [mythbusters] [           main] org.hibernate.orm.connections.pooling    : HHH10001005: Database info:
	Database JDBC URL [Connecting through datasource 'HikariDataSource (HikariPool-1)']
	Database driver: undefined/unknown
	Database version: 14.18
	Autocommit mode: undefined/unknown
	Isolation level: undefined/unknown
	Minimum pool size: undefined/unknown
	Maximum pool size: undefined/unknown
2025-05-31T17:48:19.036+03:00  INFO 49302 --- [mythbusters] [           main] o.h.e.t.j.p.i.JtaPlatformInitiator       : HHH000489: No JTA platform available (set 'hibernate.transaction.jta.platform' to enable JTA platform integration)
2025-05-31T17:48:19.041+03:00  INFO 49302 --- [mythbusters] [           main] j.LocalContainerEntityManagerFactoryBean : Initialized JPA EntityManagerFactory for persistence unit 'default'
2025-05-31T17:48:19.359+03:00  INFO 49302 --- [mythbusters] [           main] o.s.d.j.r.query.QueryEnhancerFactory     : Hibernate is in classpath; If applicable, HQL parser will be used.
2025-05-31T17:48:20.415+03:00  WARN 49302 --- [mythbusters] [           main] JpaBaseConfiguration$JpaWebConfiguration : spring.jpa.open-in-view is enabled by default. Therefore, database queries may be performed during view rendering. Explicitly configure spring.jpa.open-in-view to disable this warning
2025-05-31T17:48:20.865+03:00  INFO 49302 --- [mythbusters] [           main] c.t.m.MythbustersApplicationTests        : Started MythbustersApplicationTests in 7.601 seconds (process running for 9.11)
]]></system-out>
    <system-err><![CDATA[Mockito is currently self-attaching to enable the inline-mock-maker. This will no longer work in future releases of the JDK. Please add Mockito as an agent to your build what is described in Mockito's documentation: https://javadoc.io/doc/org.mockito/mockito-core/latest/org/mockito/Mockito.html#0.3
WARNING: A Java agent has been loaded dynamically (/home/gokcen/.m2/repository/net/bytebuddy/byte-buddy-agent/1.15.11/byte-buddy-agent-1.15.11.jar)
WARNING: If a serviceability tool is in use, please run with -XX:+EnableDynamicAgentLoading to hide this warning
WARNING: If a serviceability tool is not in use, please run with -Djdk.instrument.traceUsage for more information
WARNING: Dynamic loading of agents will be disallowed by default in a future release
]]></system-err>
  </testcase>
</testsuite>